C:\USERS\VARUN\DOCUMENTS\SPRING 2010\OOD\VARUN\PROJECT1\PROJECT1\DEBUG\PROJECT1.EXE
C:\USERS\VARUN\DOCUMENTS\SPRING 2010\OOD\VARUN\PROJECT1\PROJECT1\DEBUG\PROJECT1.ILK
C:\USERS\VARUN\DOCUMENTS\SPRING 2010\OOD\VARUN\PROJECT1\PROJECT1\DEBUG\PROJECT1.PDB
C:\USERS\VARUN\DOCUMENTS\SPRING 2010\OOD\VARUN\PROJECT1\PROJECT1\PROJECT1\DEBUG\EXECUTIVE.OBJ
C:\USERS\VARUN\DOCUMENTS\SPRING 2010\OOD\VARUN\PROJECT1\PROJECT1\PROJECT1\DEBUG\PARSER.OBJ
C:\USERS\VARUN\DOCUMENTS\SPRING 2010\OOD\VARUN\PROJECT1\PROJECT1\PROJECT1\DEBUG\PROJECT1.EXE.EMBED.MANIFEST.RES
C:\USERS\VARUN\DOCUMENTS\SPRING 2010\OOD\VARUN\PROJECT1\PROJECT1\PROJECT1\DEBUG\PROJECT1.EXE.INTERMEDIATE.MANIFEST
C:\USERS\VARUN\DOCUMENTS\SPRING 2010\OOD\VARUN\PROJECT1\PROJECT1\PROJECT1\DEBUG\TOKENIZER.OBJ
C:\USERS\VARUN\DOCUMENTS\SPRING 2010\OOD\VARUN\PROJECT1\PROJECT1\PROJECT1\DEBUG\VC100.PDB
C:\USERS\VARUN\DOCUMENTS\SPRING 2010\OOD\VARUN\PROJECT1\PROJECT1\PROJECT1\DEBUG\XMLELEMENTPARTS.OBJ
C:\USERS\VARUN\DOCUMENTS\SPRING 2010\OOD\VARUN\PROJECT1\PROJECT1\PROJECT1\DEBUG\XMLNODES.OBJ
C:\USERS\VARUN\DOCUMENTS\SPRING 2010\OOD\VARUN\PROJECT1\PROJECT1\PROJECT1\DEBUG\XMLTREE.OBJ
F:\MASTERS\OOD\VARUN\PROJECT1\PROJECT1\DEBUG\PROJECT1.EXE
F:\MASTERS\OOD\VARUN\PROJECT1\PROJECT1\DEBUG\PROJECT1.ILK
F:\MASTERS\OOD\VARUN\PROJECT1\PROJECT1\DEBUG\PROJECT1.PDB
F:\MASTERS\OOD\VARUN\PROJECT1\PROJECT1\PROJECT1\DEBUG\EXECUTIVE.OBJ
F:\MASTERS\OOD\VARUN\PROJECT1\PROJECT1\PROJECT1\DEBUG\PARSER.OBJ
F:\MASTERS\OOD\VARUN\PROJECT1\PROJECT1\PROJECT1\DEBUG\PROJECT1.EXE.EMBED.MANIFEST
F:\MASTERS\OOD\VARUN\PROJECT1\PROJECT1\PROJECT1\DEBUG\PROJECT1.EXE.EMBED.MANIFEST.RES
F:\MASTERS\OOD\VARUN\PROJECT1\PROJECT1\PROJECT1\DEBUG\PROJECT1.EXE.INTERMEDIATE.MANIFEST
F:\MASTERS\OOD\VARUN\PROJECT1\PROJECT1\PROJECT1\DEBUG\TOKENIZER.OBJ
F:\MASTERS\OOD\VARUN\PROJECT1\PROJECT1\PROJECT1\DEBUG\VC100.PDB
F:\MASTERS\OOD\VARUN\PROJECT1\PROJECT1\PROJECT1\DEBUG\XMLELEMENTPARTS.OBJ
F:\MASTERS\OOD\VARUN\PROJECT1\PROJECT1\PROJECT1\DEBUG\XMLNODES.OBJ
F:\MASTERS\OOD\VARUN\PROJECT1\PROJECT1\PROJECT1\DEBUG\XMLTREE.OBJ
F:\VARUN\SPRING 2010\OOD\VARUN\PROJECT1\PROJECT1\DEBUG\PROJECT1.EXE
F:\VARUN\SPRING 2010\OOD\VARUN\PROJECT1\PROJECT1\DEBUG\PROJECT1.ILK
F:\VARUN\SPRING 2010\OOD\VARUN\PROJECT1\PROJECT1\DEBUG\PROJECT1.PDB
F:\Varun\Spring 2010\OOD\Varun\Project1\Project1\Project1\Debug\cl.command.1.tlog
F:\Varun\Spring 2010\OOD\Varun\Project1\Project1\Project1\Debug\CL.read.1.tlog
F:\Varun\Spring 2010\OOD\Varun\Project1\Project1\Project1\Debug\CL.write.1.tlog
F:\VARUN\SPRING 2010\OOD\VARUN\PROJECT1\PROJECT1\PROJECT1\DEBUG\EXECUTIVE.OBJ
F:\Varun\Spring 2010\OOD\Varun\Project1\Project1\Project1\Debug\link.3780.read.1.tlog
F:\Varun\Spring 2010\OOD\Varun\Project1\Project1\Project1\Debug\link.3780.write.1.tlog
F:\Varun\Spring 2010\OOD\Varun\Project1\Project1\Project1\Debug\link.3780-cvtres.read.1.tlog
F:\Varun\Spring 2010\OOD\Varun\Project1\Project1\Project1\Debug\link.3780-cvtres.write.1.tlog
F:\Varun\Spring 2010\OOD\Varun\Project1\Project1\Project1\Debug\link.4992.read.1.tlog
F:\Varun\Spring 2010\OOD\Varun\Project1\Project1\Project1\Debug\link.4992.write.1.tlog
F:\Varun\Spring 2010\OOD\Varun\Project1\Project1\Project1\Debug\link.4992-cvtres.read.1.tlog
F:\Varun\Spring 2010\OOD\Varun\Project1\Project1\Project1\Debug\link.4992-cvtres.write.1.tlog
F:\Varun\Spring 2010\OOD\Varun\Project1\Project1\Project1\Debug\link.command.1.tlog
F:\Varun\Spring 2010\OOD\Varun\Project1\Project1\Project1\Debug\link.read.1.tlog
F:\Varun\Spring 2010\OOD\Varun\Project1\Project1\Project1\Debug\link.write.1.tlog
F:\Varun\Spring 2010\OOD\Varun\Project1\Project1\Project1\Debug\link-cvtres.read.1.tlog
F:\Varun\Spring 2010\OOD\Varun\Project1\Project1\Project1\Debug\link-cvtres.write.1.tlog
F:\Varun\Spring 2010\OOD\Varun\Project1\Project1\Project1\Debug\mt.command.1.tlog
F:\Varun\Spring 2010\OOD\Varun\Project1\Project1\Project1\Debug\mt.read.1.tlog
F:\Varun\Spring 2010\OOD\Varun\Project1\Project1\Project1\Debug\mt.write.1.tlog
F:\VARUN\SPRING 2010\OOD\VARUN\PROJECT1\PROJECT1\PROJECT1\DEBUG\PARSER.OBJ
F:\Varun\Spring 2010\OOD\Varun\Project1\Project1\Project1\Debug\Project1.exe.embed.manifest
F:\VARUN\SPRING 2010\OOD\VARUN\PROJECT1\PROJECT1\PROJECT1\DEBUG\PROJECT1.EXE.EMBED.MANIFEST.RES
F:\VARUN\SPRING 2010\OOD\VARUN\PROJECT1\PROJECT1\PROJECT1\DEBUG\PROJECT1.EXE.INTERMEDIATE.MANIFEST
F:\Varun\Spring 2010\OOD\Varun\Project1\Project1\Project1\Debug\Project1_manifest.rc
F:\Varun\Spring 2010\OOD\Varun\Project1\Project1\Project1\Debug\rc.command.1.tlog
F:\Varun\Spring 2010\OOD\Varun\Project1\Project1\Project1\Debug\rc.read.1.tlog
F:\Varun\Spring 2010\OOD\Varun\Project1\Project1\Project1\Debug\rc.write.1.tlog
F:\VARUN\SPRING 2010\OOD\VARUN\PROJECT1\PROJECT1\PROJECT1\DEBUG\TOKENIZER.OBJ
F:\Varun\Spring 2010\OOD\Varun\Project1\Project1\Project1\Debug\vc100.idb
F:\VARUN\SPRING 2010\OOD\VARUN\PROJECT1\PROJECT1\PROJECT1\DEBUG\VC100.PDB
F:\VARUN\SPRING 2010\OOD\VARUN\PROJECT1\PROJECT1\PROJECT1\DEBUG\XMLELEMENTPARTS.OBJ
F:\VARUN\SPRING 2010\OOD\VARUN\PROJECT1\PROJECT1\PROJECT1\DEBUG\XMLNODES.OBJ
F:\VARUN\SPRING 2010\OOD\VARUN\PROJECT1\PROJECT1\PROJECT1\DEBUG\XMLTREE.OBJ
